0 info it worked if it ends with ok
1 verbose cli [ '/home/ubuntu/.nvm/versions/node/v6.11.2/bin/node',
1 verbose cli   '/home/ubuntu/.nvm/versions/node/v6.11.2/bin/npm',
1 verbose cli   'install',
1 verbose cli   'express',
1 verbose cli   'body-parser',
1 verbose cli   'mongoose',
1 verbose cli   '--save' ]
2 info using npm@3.10.10
3 info using node@v6.11.2
4 silly loadCurrentTree Starting
5 silly install loadCurrentTree
6 silly install readLocalPackageData
7 silly fetchPackageMetaData express@'
8 silly fetchPackageMetaData body-parser@'
9 silly fetchPackageMetaData mongoose@'
10 silly fetchNamedPackageData express
11 silly mapToRegistry name express
12 silly mapToRegistry using default registry
13 silly mapToRegistry registry https://registry.npmjs.org/
14 silly mapToRegistry data Result {
14 silly mapToRegistry   raw: 'express',
14 silly mapToRegistry   scope: null,
14 silly mapToRegistry   escapedName: 'express',
14 silly mapToRegistry   name: 'express',
14 silly mapToRegistry   rawSpec: '',
14 silly mapToRegistry   spec: 'latest',
14 silly mapToRegistry   type: 'tag' }
15 silly mapToRegistry uri https://registry.npmjs.org/express
16 silly fetchNamedPackageData body-parser
17 silly mapToRegistry name body-parser
18 silly mapToRegistry using default registry
19 silly mapToRegistry registry https://registry.npmjs.org/
20 silly mapToRegistry data Result {
20 silly mapToRegistry   raw: 'body-parser',
20 silly mapToRegistry   scope: null,
20 silly mapToRegistry   escapedName: 'body-parser',
20 silly mapToRegistry   name: 'body-parser',
20 silly mapToRegistry   rawSpec: '',
20 silly mapToRegistry   spec: 'latest',
20 silly mapToRegistry   type: 'tag' }
21 silly mapToRegistry uri https://registry.npmjs.org/body-parser
22 silly fetchNamedPackageData mongoose
23 silly mapToRegistry name mongoose
24 silly mapToRegistry using default registry
25 silly mapToRegistry registry https://registry.npmjs.org/
26 silly mapToRegistry data Result {
26 silly mapToRegistry   raw: 'mongoose',
26 silly mapToRegistry   scope: null,
26 silly mapToRegistry   escapedName: 'mongoose',
26 silly mapToRegistry   name: 'mongoose',
26 silly mapToRegistry   rawSpec: '',
26 silly mapToRegistry   spec: 'latest',
26 silly mapToRegistry   type: 'tag' }
27 silly mapToRegistry uri https://registry.npmjs.org/mongoose
28 verbose request uri https://registry.npmjs.org/body-parser
29 verbose request no auth needed
30 info attempt registry request try #1 at 1:25:08 AM
31 verbose request id 16d679d3bdf96b62
32 verbose etag W/"91dae1d3afb2afeb57d99483280a758e"
33 verbose lastModified Fri, 01 Mar 2019 19:29:05 GMT
34 http request GET https://registry.npmjs.org/body-parser
35 verbose request uri https://registry.npmjs.org/express
36 verbose request no auth needed
37 info attempt registry request try #1 at 1:25:08 AM
38 verbose etag W/"d1fb9509bd092b133219bee2d921da38"
39 verbose lastModified Fri, 01 Mar 2019 19:24:57 GMT
40 http request GET https://registry.npmjs.org/express
41 verbose request uri https://registry.npmjs.org/mongoose
42 verbose request no auth needed
43 info attempt registry request try #1 at 1:25:08 AM
44 verbose etag W/"1cc806d89e81f558f3cf2b08076f7e0c"
45 verbose lastModified Sun, 03 Mar 2019 23:36:58 GMT
46 http request GET https://registry.npmjs.org/mongoose
47 http 304 https://registry.npmjs.org/mongoose
48 verbose headers { date: 'Fri, 08 Mar 2019 01:25:08 GMT',
48 verbose headers   connection: 'keep-alive',
48 verbose headers   'set-cookie': [ '__cfduid=d4e26798a7fdae430fa918180fe96f6561552008308; expires=Sat, 07-Mar-20 01:25:08 GMT; path=/; domain=.registry.npmjs.org; HttpOnly' ],
48 verbose headers   'cf-cache-status': 'HIT',
48 verbose headers   'cache-control': 'max-age=300',
48 verbose headers   'cf-ray': '4b4103769b382525-ORD',
48 verbose headers   etag: '"1cc806d89e81f558f3cf2b08076f7e0c"',
48 verbose headers   'expect-ct': 'max-age=604800, report-uri="https://report-uri.cloudflare.com/cdn-cgi/beacon/expect-ct"',
48 verbose headers   'last-modified': 'Sun, 03 Mar 2019 23:36:58 GMT',
48 verbose headers   vary: 'accept-encoding, accept',
48 verbose headers   'x-amz-meta-rev': '1718-aa73d95f3de97da066fe754cbde0cc1c',
48 verbose headers   server: 'cloudflare' }
49 silly get cb [ 304,
49 silly get   { date: 'Fri, 08 Mar 2019 01:25:08 GMT',
49 silly get     connection: 'keep-alive',
49 silly get     'set-cookie': [ '__cfduid=d4e26798a7fdae430fa918180fe96f6561552008308; expires=Sat, 07-Mar-20 01:25:08 GMT; path=/; domain=.registry.npmjs.org; HttpOnly' ],
49 silly get     'cf-cache-status': 'HIT',
49 silly get     'cache-control': 'max-age=300',
49 silly get     'cf-ray': '4b4103769b382525-ORD',
49 silly get     etag: '"1cc806d89e81f558f3cf2b08076f7e0c"',
49 silly get     'expect-ct': 'max-age=604800, report-uri="https://report-uri.cloudflare.com/cdn-cgi/beacon/expect-ct"',
49 silly get     'last-modified': 'Sun, 03 Mar 2019 23:36:58 GMT',
49 silly get     vary: 'accept-encoding, accept',
49 silly get     'x-amz-meta-rev': '1718-aa73d95f3de97da066fe754cbde0cc1c',
49 silly get     server: 'cloudflare' } ]
50 verbose etag https://registry.npmjs.org/mongoose from cache
51 verbose get saving mongoose to /home/ubuntu/.npm/registry.npmjs.org/mongoose/.cache.json
52 verbose correctMkdir /home/ubuntu/.npm correctMkdir not in flight; initializing
53 http 304 https://registry.npmjs.org/body-parser
54 verbose headers { date: 'Fri, 08 Mar 2019 01:25:08 GMT',
54 verbose headers   connection: 'keep-alive',
54 verbose headers   'set-cookie': [ '__cfduid=deecf519cb41f72b1a98057813e14cf721552008308; expires=Sat, 07-Mar-20 01:25:08 GMT; path=/; domain=.registry.npmjs.org; HttpOnly' ],
54 verbose headers   'cf-cache-status': 'HIT',
54 verbose headers   'cache-control': 'max-age=300',
54 verbose headers   'cf-ray': '4b4103769dccc526-ORD',
54 verbose headers   etag: '"91dae1d3afb2afeb57d99483280a758e"',
54 verbose headers   'expect-ct': 'max-age=604800, report-uri="https://report-uri.cloudflare.com/cdn-cgi/beacon/expect-ct"',
54 verbose headers   'last-modified': 'Fri, 01 Mar 2019 19:29:05 GMT',
54 verbose headers   vary: 'accept-encoding, accept',
54 verbose headers   'x-amz-meta-rev': '793-b59d31077d43882c14a910fbad4bc240',
54 verbose headers   server: 'cloudflare' }
55 silly get cb [ 304,
55 silly get   { date: 'Fri, 08 Mar 2019 01:25:08 GMT',
55 silly get     connection: 'keep-alive',
55 silly get     'set-cookie': [ '__cfduid=deecf519cb41f72b1a98057813e14cf721552008308; expires=Sat, 07-Mar-20 01:25:08 GMT; path=/; domain=.registry.npmjs.org; HttpOnly' ],
55 silly get     'cf-cache-status': 'HIT',
55 silly get     'cache-control': 'max-age=300',
55 silly get     'cf-ray': '4b4103769dccc526-ORD',
55 silly get     etag: '"91dae1d3afb2afeb57d99483280a758e"',
55 silly get     'expect-ct': 'max-age=604800, report-uri="https://report-uri.cloudflare.com/cdn-cgi/beacon/expect-ct"',
55 silly get     'last-modified': 'Fri, 01 Mar 2019 19:29:05 GMT',
55 silly get     vary: 'accept-encoding, accept',
55 silly get     'x-amz-meta-rev': '793-b59d31077d43882c14a910fbad4bc240',
55 silly get     server: 'cloudflare' } ]
56 verbose etag https://registry.npmjs.org/body-parser from cache
57 verbose get saving body-parser to /home/ubuntu/.npm/registry.npmjs.org/body-parser/.cache.json
58 verbose correctMkdir /home/ubuntu/.npm correctMkdir already in flight; waiting
59 http 304 https://registry.npmjs.org/express
60 verbose headers { date: 'Fri, 08 Mar 2019 01:25:08 GMT',
60 verbose headers   connection: 'keep-alive',
60 verbose headers   'set-cookie': [ '__cfduid=d2f240efc7b50cb1bd2627f14035fee991552008308; expires=Sat, 07-Mar-20 01:25:08 GMT; path=/; domain=.registry.npmjs.org; HttpOnly' ],
60 verbose headers   'cf-cache-status': 'HIT',
60 verbose headers   'cache-control': 'max-age=300',
60 verbose headers   'cf-ray': '4b410376ab8e9d85-ORD',
60 verbose headers   etag: '"d1fb9509bd092b133219bee2d921da38"',
60 verbose headers   'expect-ct': 'max-age=604800, report-uri="https://report-uri.cloudflare.com/cdn-cgi/beacon/expect-ct"',
60 verbose headers   'last-modified': 'Fri, 01 Mar 2019 19:24:57 GMT',
60 verbose headers   vary: 'accept-encoding, accept',
60 verbose headers   'x-amz-meta-rev': '3881-91c98ae1e57ac15c21b86cae966721d2',
60 verbose headers   server: 'cloudflare' }
61 silly get cb [ 304,
61 silly get   { date: 'Fri, 08 Mar 2019 01:25:08 GMT',
61 silly get     connection: 'keep-alive',
61 silly get     'set-cookie': [ '__cfduid=d2f240efc7b50cb1bd2627f14035fee991552008308; expires=Sat, 07-Mar-20 01:25:08 GMT; path=/; domain=.registry.npmjs.org; HttpOnly' ],
61 silly get     'cf-cache-status': 'HIT',
61 silly get     'cache-control': 'max-age=300',
61 silly get     'cf-ray': '4b410376ab8e9d85-ORD',
61 silly get     etag: '"d1fb9509bd092b133219bee2d921da38"',
61 silly get     'expect-ct': 'max-age=604800, report-uri="https://report-uri.cloudflare.com/cdn-cgi/beacon/expect-ct"',
61 silly get     'last-modified': 'Fri, 01 Mar 2019 19:24:57 GMT',
61 silly get     vary: 'accept-encoding, accept',
61 silly get     'x-amz-meta-rev': '3881-91c98ae1e57ac15c21b86cae966721d2',
61 silly get     server: 'cloudflare' } ]
62 verbose etag https://registry.npmjs.org/express from cache
63 verbose get saving express to /home/ubuntu/.npm/registry.npmjs.org/express/.cache.json
64 verbose correctMkdir /home/ubuntu/.npm correctMkdir already in flight; waiting
65 silly fetchNamedPackageData No valid target from cache, forcing network
66 verbose request uri https://registry.npmjs.org/body-parser
67 verbose request no auth needed
68 info attempt registry request try #1 at 1:25:08 AM
69 http request GET https://registry.npmjs.org/body-parser
70 silly fetchNamedPackageData No valid target from cache, forcing network
71 verbose request uri https://registry.npmjs.org/mongoose
72 verbose request no auth needed
73 info attempt registry request try #1 at 1:25:08 AM
74 http request GET https://registry.npmjs.org/mongoose
75 silly fetchNamedPackageData No valid target from cache, forcing network
76 verbose request uri https://registry.npmjs.org/express
77 verbose request no auth needed
78 info attempt registry request try #1 at 1:25:08 AM
79 http request GET https://registry.npmjs.org/express
80 http 200 https://registry.npmjs.org/body-parser
81 verbose headers { date: 'Fri, 08 Mar 2019 01:25:08 GMT',
81 verbose headers   'content-type': 'application/json',
81 verbose headers   'transfer-encoding': 'chunked',
81 verbose headers   connection: 'keep-alive',
81 verbose headers   'set-cookie': [ '__cfduid=d4e26798a7fdae430fa918180fe96f6561552008308; expires=Sat, 07-Mar-20 01:25:08 GMT; path=/; domain=.registry.npmjs.org; HttpOnly' ],
81 verbose headers   'cf-cache-status': 'HIT',
81 verbose headers   'cache-control': 'max-age=300',
81 verbose headers   'cf-ray': '4b4103771b762525-ORD',
81 verbose headers   etag: 'W/"91dae1d3afb2afeb57d99483280a758e"',
81 verbose headers   'expect-ct': 'max-age=604800, report-uri="https://report-uri.cloudflare.com/cdn-cgi/beacon/expect-ct"',
81 verbose headers   'last-modified': 'Fri, 01 Mar 2019 19:29:05 GMT',
81 verbose headers   vary: 'accept-encoding, accept',
81 verbose headers   'x-amz-meta-rev': '793-b59d31077d43882c14a910fbad4bc240',
81 verbose headers   server: 'cloudflare',
81 verbose headers   'content-encoding': 'gzip' }
82 silly get cb [ 200,
82 silly get   { date: 'Fri, 08 Mar 2019 01:25:08 GMT',
82 silly get     'content-type': 'application/json',
82 silly get     'transfer-encoding': 'chunked',
82 silly get     connection: 'keep-alive',
82 silly get     'set-cookie': [ '__cfduid=d4e26798a7fdae430fa918180fe96f6561552008308; expires=Sat, 07-Mar-20 01:25:08 GMT; path=/; domain=.registry.npmjs.org; HttpOnly' ],
82 silly get     'cf-cache-status': 'HIT',
82 silly get     'cache-control': 'max-age=300',
82 silly get     'cf-ray': '4b4103771b762525-ORD',
82 silly get     etag: 'W/"91dae1d3afb2afeb57d99483280a758e"',
82 silly get     'expect-ct': 'max-age=604800, report-uri="https://report-uri.cloudflare.com/cdn-cgi/beacon/expect-ct"',
82 silly get     'last-modified': 'Fri, 01 Mar 2019 19:29:05 GMT',
82 silly get     vary: 'accept-encoding, accept',
82 silly get     'x-amz-meta-rev': '793-b59d31077d43882c14a910fbad4bc240',
82 silly get     server: 'cloudflare',
82 silly get     'content-encoding': 'gzip' } ]
83 verbose get saving body-parser to /home/ubuntu/.npm/registry.npmjs.org/body-parser/.cache.json
84 verbose correctMkdir /home/ubuntu/.npm correctMkdir not in flight; initializing
85 silly fetchPackageMetaData Error: No compatible version found: body-parser@'
85 silly fetchPackageMetaData Valid install targets:
85 silly fetchPackageMetaData 1.18.3, 1.18.2, 1.18.1, 1.18.0, 1.17.2, 1.17.1, 1.17.0, 1.16.1, 1.16.0, 1.15.2, 1.15.1, 1.15.0, 1.14.2, 1.14.1, 1.14.0, 1.13.3, 1.13.2, 1.13.1, 1.13.0, 1.12.4, 1.12.3, 1.12.2, 1.12.1, 1.12.0, 1.11.0, 1.10.2, 1.10.1, 1.10.0, 1.9.3, 1.9.2, 1.9.1, 1.9.0, 1.8.4, 1.8.3, 1.8.2, 1.8.1, 1.8.0, 1.7.0, 1.6.7, 1.6.6, 1.6.5, 1.6.4, 1.6.3, 1.6.2, 1.6.1, 1.6.0, 1.5.2, 1.5.1, 1.5.0, 1.4.3, 1.4.2, 1.4.1, 1.4.0, 1.3.1, 1.3.0, 1.2.2, 1.2.1, 1.2.0, 1.1.2, 1.1.1, 1.1.0, 1.0.2, 1.0.1, 1.0.0
85 silly fetchPackageMetaData
85 silly fetchPackageMetaData     at pickVersionFromRegistryDocument (/home/ubuntu/.nvm/versions/node/v6.11.2/lib/node_modules/npm/lib/fetch-package-metadata.js:178:16)
85 silly fetchPackageMetaData     at /home/ubuntu/.nvm/versions/node/v6.11.2/lib/node_modules/npm/node_modules/iferr/index.js:13:50
85 silly fetchPackageMetaData     at /home/ubuntu/.nvm/versions/node/v6.11.2/lib/node_modules/npm/lib/utils/pulse-till-done.js:20:8
85 silly fetchPackageMetaData     at saved (/home/ubuntu/.nvm/versions/node/v6.11.2/lib/node_modules/npm/lib/cache/caching-client.js:174:7)
85 silly fetchPackageMetaData     at /home/ubuntu/.nvm/versions/node/v6.11.2/lib/node_modules/npm/node_modules/graceful-fs/polyfills.js:241:18
85 silly fetchPackageMetaData     at FSReqWrap.oncomplete (fs.js:123:15)
85 silly fetchPackageMetaData  error for body-parser@' { Error: No compatible version found: body-parser@'
85 silly fetchPackageMetaData Valid install targets:
85 silly fetchPackageMetaData 1.18.3, 1.18.2, 1.18.1, 1.18.0, 1.17.2, 1.17.1, 1.17.0, 1.16.1, 1.16.0, 1.15.2, 1.15.1, 1.15.0, 1.14.2, 1.14.1, 1.14.0, 1.13.3, 1.13.2, 1.13.1, 1.13.0, 1.12.4, 1.12.3, 1.12.2, 1.12.1, 1.12.0, 1.11.0, 1.10.2, 1.10.1, 1.10.0, 1.9.3, 1.9.2, 1.9.1, 1.9.0, 1.8.4, 1.8.3, 1.8.2, 1.8.1, 1.8.0, 1.7.0, 1.6.7, 1.6.6, 1.6.5, 1.6.4, 1.6.3, 1.6.2, 1.6.1, 1.6.0, 1.5.2, 1.5.1, 1.5.0, 1.4.3, 1.4.2, 1.4.1, 1.4.0, 1.3.1, 1.3.0, 1.2.2, 1.2.1, 1.2.0, 1.1.2, 1.1.1, 1.1.0, 1.0.2, 1.0.1, 1.0.0
85 silly fetchPackageMetaData
85 silly fetchPackageMetaData     at pickVersionFromRegistryDocument (/home/ubuntu/.nvm/versions/node/v6.11.2/lib/node_modules/npm/lib/fetch-package-metadata.js:178:16)
85 silly fetchPackageMetaData     at /home/ubuntu/.nvm/versions/node/v6.11.2/lib/node_modules/npm/node_modules/iferr/index.js:13:50
85 silly fetchPackageMetaData     at /home/ubuntu/.nvm/versions/node/v6.11.2/lib/node_modules/npm/lib/utils/pulse-till-done.js:20:8
85 silly fetchPackageMetaData     at saved (/home/ubuntu/.nvm/versions/node/v6.11.2/lib/node_modules/npm/lib/cache/caching-client.js:174:7)
85 silly fetchPackageMetaData     at /home/ubuntu/.nvm/versions/node/v6.11.2/lib/node_modules/npm/node_modules/graceful-fs/polyfills.js:241:18
85 silly fetchPackageMetaData     at FSReqWrap.oncomplete (fs.js:123:15) code: 'ETARGET' }
86 http 200 https://registry.npmjs.org/mongoose
87 verbose headers { date: 'Fri, 08 Mar 2019 01:25:08 GMT',
87 verbose headers   'content-type': 'application/json',
87 verbose headers   'transfer-encoding': 'chunked',
87 verbose headers   connection: 'keep-alive',
87 verbose headers   'set-cookie': [ '__cfduid=deecf519cb41f72b1a98057813e14cf721552008308; expires=Sat, 07-Mar-20 01:25:08 GMT; path=/; domain=.registry.npmjs.org; HttpOnly' ],
87 verbose headers   'cf-cache-status': 'HIT',
87 verbose headers   'cache-control': 'max-age=300',
87 verbose headers   'cf-ray': '4b4103774823c526-ORD',
87 verbose headers   etag: 'W/"1cc806d89e81f558f3cf2b08076f7e0c"',
87 verbose headers   'expect-ct': 'max-age=604800, report-uri="https://report-uri.cloudflare.com/cdn-cgi/beacon/expect-ct"',
87 verbose headers   'last-modified': 'Sun, 03 Mar 2019 23:36:58 GMT',
87 verbose headers   vary: 'accept-encoding, accept',
87 verbose headers   'x-amz-meta-rev': '1718-aa73d95f3de97da066fe754cbde0cc1c',
87 verbose headers   server: 'cloudflare',
87 verbose headers   'content-encoding': 'gzip' }
88 silly get cb [ 200,
88 silly get   { date: 'Fri, 08 Mar 2019 01:25:08 GMT',
88 silly get     'content-type': 'application/json',
88 silly get     'transfer-encoding': 'chunked',
88 silly get     connection: 'keep-alive',
88 silly get     'set-cookie': [ '__cfduid=deecf519cb41f72b1a98057813e14cf721552008308; expires=Sat, 07-Mar-20 01:25:08 GMT; path=/; domain=.registry.npmjs.org; HttpOnly' ],
88 silly get     'cf-cache-status': 'HIT',
88 silly get     'cache-control': 'max-age=300',
88 silly get     'cf-ray': '4b4103774823c526-ORD',
88 silly get     etag: 'W/"1cc806d89e81f558f3cf2b08076f7e0c"',
88 silly get     'expect-ct': 'max-age=604800, report-uri="https://report-uri.cloudflare.com/cdn-cgi/beacon/expect-ct"',
88 silly get     'last-modified': 'Sun, 03 Mar 2019 23:36:58 GMT',
88 silly get     vary: 'accept-encoding, accept',
88 silly get     'x-amz-meta-rev': '1718-aa73d95f3de97da066fe754cbde0cc1c',
88 silly get     server: 'cloudflare',
88 silly get     'content-encoding': 'gzip' } ]
89 verbose get saving mongoose to /home/ubuntu/.npm/registry.npmjs.org/mongoose/.cache.json
90 verbose correctMkdir /home/ubuntu/.npm correctMkdir not in flight; initializing
91 http 200 https://registry.npmjs.org/express
92 verbose headers { date: 'Fri, 08 Mar 2019 01:25:08 GMT',
92 verbose headers   'content-type': 'application/json',
92 verbose headers   'transfer-encoding': 'chunked',
92 verbose headers   connection: 'keep-alive',
92 verbose headers   'set-cookie': [ '__cfduid=d2f240efc7b50cb1bd2627f14035fee991552008308; expires=Sat, 07-Mar-20 01:25:08 GMT; path=/; domain=.registry.npmjs.org; HttpOnly' ],
92 verbose headers   'cf-cache-status': 'HIT',
92 verbose headers   'cache-control': 'max-age=300',
92 verbose headers   'cf-ray': '4b4103777c859d85-ORD',
92 verbose headers   etag: 'W/"d1fb9509bd092b133219bee2d921da38"',
92 verbose headers   'expect-ct': 'max-age=604800, report-uri="https://report-uri.cloudflare.com/cdn-cgi/beacon/expect-ct"',
92 verbose headers   'last-modified': 'Fri, 01 Mar 2019 19:24:57 GMT',
92 verbose headers   vary: 'accept-encoding, accept',
92 verbose headers   'x-amz-meta-rev': '3881-91c98ae1e57ac15c21b86cae966721d2',
92 verbose headers   server: 'cloudflare',
92 verbose headers   'content-encoding': 'gzip' }
93 silly get cb [ 200,
93 silly get   { date: 'Fri, 08 Mar 2019 01:25:08 GMT',
93 silly get     'content-type': 'application/json',
93 silly get     'transfer-encoding': 'chunked',
93 silly get     connection: 'keep-alive',
93 silly get     'set-cookie': [ '__cfduid=d2f240efc7b50cb1bd2627f14035fee991552008308; expires=Sat, 07-Mar-20 01:25:08 GMT; path=/; domain=.registry.npmjs.org; HttpOnly' ],
93 silly get     'cf-cache-status': 'HIT',
93 silly get     'cache-control': 'max-age=300',
93 silly get     'cf-ray': '4b4103777c859d85-ORD',
93 silly get     etag: 'W/"d1fb9509bd092b133219bee2d921da38"',
93 silly get     'expect-ct': 'max-age=604800, report-uri="https://report-uri.cloudflare.com/cdn-cgi/beacon/expect-ct"',
93 silly get     'last-modified': 'Fri, 01 Mar 2019 19:24:57 GMT',
93 silly get     vary: 'accept-encoding, accept',
93 silly get     'x-amz-meta-rev': '3881-91c98ae1e57ac15c21b86cae966721d2',
93 silly get     server: 'cloudflare',
93 silly get     'content-encoding': 'gzip' } ]
94 verbose get saving express to /home/ubuntu/.npm/registry.npmjs.org/express/.cache.json
95 verbose correctMkdir /home/ubuntu/.npm correctMkdir not in flight; initializing
96 silly fetchPackageMetaData Error: No compatible version found: mongoose@'
96 silly fetchPackageMetaData Valid install targets:
96 silly fetchPackageMetaData 5.4.17, 5.4.16, 5.4.15, 5.4.14, 5.4.13, 5.4.12, 5.4.11, 5.4.10, 5.4.9, 5.4.8, 5.4.7, 5.4.6, 5.4.5, 5.4.4, 5.4.3, 5.4.2, 5.4.1, 5.4.0, 5.3.16, 5.3.15, 5.3.14, 5.3.13, 5.3.12, 5.3.11, 5.3.10, 5.3.9, 5.3.8, 5.3.7, 5.3.6, 5.3.5, 5.3.4, 5.3.3, 5.3.2, 5.3.1, 5.3.0, 5.2.18, 5.2.17, 5.2.16, 5.2.15, 5.2.14, 5.2.13, 5.2.12, 5.2.11, 5.2.10, 5.2.9, 5.2.8, 5.2.7, 5.2.6, 5.2.5, 5.2.4, 5.2.3, 5.2.2, 5.2.1, 5.2.0, 5.1.8, 5.1.7, 5.1.6, 5.1.5, 5.1.4, 5.1.3, 5.1.2, 5.1.1, 5.1.0, 5.0.18, 5.0.17, 5.0.16, 5.0.15, 5.0.14, 5.0.13, 5.0.12, 5.0.11, 5.0.10, 5.0.9, 5.0.8, 5.0.7, 5.0.6, 5.0.5, 5.0.4, 5.0.3, 5.0.2, 5.0.1, 5.0.0, 5.0.0-rc2, 5.0.0-rc1, 5.0.0-rc0, 4.13.18, 4.13.17, 4.13.16, 4.13.15, 4.13.14, 4.13.13, 4.13.12, 4.13.11, 4.13.10, 4.13.9, 4.13.8, 4.13.7, 4.13.6, 4.13.5, 4.13.4, 4.13.3, 4.13.2, 4.13.1, 4.13.0, 4.12.6, 4.12.5, 4.12.4, 4.12.3, 4.12.2, 4.12.1, 4.12.0, 4.11.14, 4.11.13, 4.11.12, 4.11.11, 4.11.10, 4.11.9, 4.11.8, 4.11.7, 4.11.6, 4.11.5, 4.11.4, 4.11.3, 4.11.2, 4.11.1, 4.11.0, 4.10.8, 4.10.7, 4.10.6, 4.10.5, 4.10.4, 4.10.3, 4.10.2, 4.10.1, 4.10.0, 4.9.10, 4.9.9, 4.9.8, 4.9.7, 4.9.6, 4.9.5, 4.9.4, 4.9.3, 4.9.2, 4.9.1, 4.9.0, 4.8.7, 4.8.6, 4.8.5, 4.8.4, 4.8.3, 4.8.2, 4.8.1, 4.8.0, 4.7.9, 4.7.8, 4.7.7, 4.7.6, 4.7.5, 4.7.5-pre, 4.7.4, 4.7.3, 4.7.2, 4.7.1, 4.7.0, 4.6.8, 4.6.7, 4.6.6, 4.6.5, 4.6.4, 4.6.3, 4.6.2, 4.6.1, 4.6.0, 4.5.10, 4.5.9, 4.5.8, 4.5.7, 4.5.6, 4.5.5, 4.5.4, 4.5.3, 4.5.2, 4.5.1, 4.5.0, 4.4.20, 4.4.19, 4.4.18, 4.4.17, 4.4.16, 4.4.15, 4.4.14, 4.4.13, 4.4.12, 4.4.11, 4.4.10, 4.4.9, 4.4.8, 4.4.7, 4.4.6, 4.4.5, 4.4.4, 4.4.3, 4.4.2, 4.4.1, 4.4.0, 4.3.7, 4.3.6, 4.3.5, 4.3.4, 4.3.3, 4.3.2, 4.3.1, 4.3.0, 4.2.10, 4.2.9, 4.2.8, 4.2.7, 4.2.6, 4.2.5, 4.2.4, 4.2.3, 4.2.2, 4.2.1, 4.2.0, 4.1.12, 4.1.11, 4.1.10, 4.1.9, 4.1.8, 4.1.7, 4.1.6, 4.1.5, 4.1.3, 4.1.2, 4.1.1, 4.1.0, 4.0.8, 4.0.7, 4.0.6, 4.0.5, 4.0.4, 4.0.3, 4.0.2, 4.0.1, 4.0.0, 4.0.0-rc4, 4.0.0-rc3, 4.0.0-rc2, 4.0.0-rc1, 4.0.0-rc0, 3.9.7, 3.9.6, 3.9.5, 3.9.4, 3.9.3, 3.9.2, 3.9.1, 3.9.0, 3.8.40, 3.8.39, 3.8.38, 3.8.37, 3.8.36, 3.8.35, 3.8.34, 3.8.33, 3.8.31, 3.8.30, 3.8.29, 3.8.28, 3.8.27, 3.8.26, 3.8.25, 3.8.24, 3.8.23, 3.8.22, 3.8.21, 3.8.20, 3.8.19, 3.8.18, 3.8.17, 3.8.16, 3.8.15, 3.8.14, 3.8.13, 3.8.12, 3.8.11, 3.8.10, 3.8.9, 3.8.8, 3.8.7, 3.8.6, 3.8.5, 3.8.4, 3.8.3, 3.8.2, 3.8.1, 3.8.0, 3.7.4, 3.7.3, 3.7.2, 3.7.0, 3.6.20, 3.6.19, 3.6.18, 3.6.17, 3.6.16, 3.6.15, 3.6.14, 3.6.13, 3.6.12, 3.6.11, 3.6.10, 3.6.9, 3.6.8, 3.6.7, 3.6.6, 3.6.5, 3.6.4, 3.6.3, 3.6.2, 3.6.0-rc1, 3.6.0-rc0, 3.5.16, 3.5.15, 3.5.14, 3.5.13, 3.5.12, 3.5.11, 3.5.10, 3.5.9, 3.5.8, 3.5.7, 3.5.6, 3.5.5, 3.5.4, 3.5.3, 3.5.2, 3.5.1, 3.5.0, 3.4.0, 3.3.1, 3.3.0, 3.2.2, 3.2.1, 3.2.0, 3.1.1, 3.1.0, 3.0.3, 3.0.2, 3.0.1, 3.0.0, 3.0.0-rc0, 3.0.0-alpha2, 3.0.0-alpha1, 2.9.10, 2.9.9, 2.9.8, 2.9.7, 2.9.6, 2.9.5, 2.9.4, 2.9.3, 2.9.2, 2.9.1, 2.9.0, 2.8.3, 2.8.2, 2.8.1, 2.8.0, 2.7.4, 2.7.3, 2.7.2, 2.7.1, 2.7.0, 2.6.8, 2.6.7, 2.6.6, 2.6.5, 2.6.4, 2.6.3, 2.6.2, 2.6.1, 2.6.0, 2.5.14, 2.5.13, 2.5.12, 2.5.11, 2.5.10, 2.5.9, 2.5.8, 2.5.7, 2.5.6, 2.5.5, 2.5.4, 2.5.3, 2.5.2, 2.5.1, 2.5.0, 2.4.10, 2.4.9, 2.4.8, 2.4.7, 2.4.6, 2.4.5, 2.4.4, 2.4.3, 2.4.2, 2.4.1, 2.4.0, 2.3.13, 2.3.12, 2.3.11, 2.3.10, 2.3.9, 2.3.8, 2.3.7, 2.3.6, 2.3.5, 2.3.4, 2.3.3, 2.3.2, 2.3.1, 2.3.0, 2.2.4, 2.2.3, 2.2.2, 2.2.1, 2.2.0, 2.1.4, 2.1.3, 2.1.2, 2.1.1, 2.1.0, 2.0.4, 2.0.3, 2.0.2, 2.0.1, 2.0.0, 1.8.4, 1.8.3, 1.8.2, 1.8.1, 1.8.0, 1.7.4, 1.7.3, 1.7.2, 1.6.0, 1.5.0, 1.4.0, 1.3.7, 1.3.6, 1.3.5, 1.3.4, 1.3.3, 1.3.2, 1.3.1, 1.3.0, 1.2.0, 1.1.25, 1.1.24, 1.1.23, 1.1.22, 1.1.21, 1.1.20, 1.1.19, 1.1.18, 1.1.17, 1.1.16, 1.1.15, 1.1.14, 1.1.13, 1.1.12, 1.1.11, 1.1.10, 1.1.9, 1.1.8, 1.1.7, 1.1.6, 1.1.5, 1.1.4, 1.1.3, 1.1.2, 1.1.1, 1.1.0, 1.0.16, 1.0.15, 1.0.14, 1.0.13, 1.0.12, 1.0.11, 1.0.10, 1.0.8, 1.0.7, 1.0.6, 1.0.5, 1.0.4, 1.0.3, 1.0.2, 1.0.1, 1.0.0, 0.0.6, 0.0.5, 0.0.4, 0.0.3, 0.0.2, 0.0.1
96 silly fetchPackageMetaData
96 silly fetchPackageMetaData     at pickVersionFromRegistryDocument (/home/ubuntu/.nvm/versions/node/v6.11.2/lib/node_modules/npm/lib/fetch-package-metadata.js:178:16)
96 silly fetchPackageMetaData     at /home/ubuntu/.nvm/versions/node/v6.11.2/lib/node_modules/npm/node_modules/iferr/index.js:13:50
96 silly fetchPackageMetaData     at /home/ubuntu/.nvm/versions/node/v6.11.2/lib/node_modules/npm/lib/utils/pulse-till-done.js:20:8
96 silly fetchPackageMetaData     at saved (/home/ubuntu/.nvm/versions/node/v6.11.2/lib/node_modules/npm/lib/cache/caching-client.js:174:7)
96 silly fetchPackageMetaData     at /home/ubuntu/.nvm/versions/node/v6.11.2/lib/node_modules/npm/node_modules/graceful-fs/polyfills.js:241:18
96 silly fetchPackageMetaData     at FSReqWrap.oncomplete (fs.js:123:15)
96 silly fetchPackageMetaData  error for mongoose@' { Error: No compatible version found: mongoose@'
96 silly fetchPackageMetaData Valid install targets:
96 silly fetchPackageMetaData 5.4.17, 5.4.16, 5.4.15, 5.4.14, 5.4.13, 5.4.12, 5.4.11, 5.4.10, 5.4.9, 5.4.8, 5.4.7, 5.4.6, 5.4.5, 5.4.4, 5.4.3, 5.4.2, 5.4.1, 5.4.0, 5.3.16, 5.3.15, 5.3.14, 5.3.13, 5.3.12, 5.3.11, 5.3.10, 5.3.9, 5.3.8, 5.3.7, 5.3.6, 5.3.5, 5.3.4, 5.3.3, 5.3.2, 5.3.1, 5.3.0, 5.2.18, 5.2.17, 5.2.16, 5.2.15, 5.2.14, 5.2.13, 5.2.12, 5.2.11, 5.2.10, 5.2.9, 5.2.8, 5.2.7, 5.2.6, 5.2.5, 5.2.4, 5.2.3, 5.2.2, 5.2.1, 5.2.0, 5.1.8, 5.1.7, 5.1.6, 5.1.5, 5.1.4, 5.1.3, 5.1.2, 5.1.1, 5.1.0, 5.0.18, 5.0.17, 5.0.16, 5.0.15, 5.0.14, 5.0.13, 5.0.12, 5.0.11, 5.0.10, 5.0.9, 5.0.8, 5.0.7, 5.0.6, 5.0.5, 5.0.4, 5.0.3, 5.0.2, 5.0.1, 5.0.0, 5.0.0-rc2, 5.0.0-rc1, 5.0.0-rc0, 4.13.18, 4.13.17, 4.13.16, 4.13.15, 4.13.14, 4.13.13, 4.13.12, 4.13.11, 4.13.10, 4.13.9, 4.13.8, 4.13.7, 4.13.6, 4.13.5, 4.13.4, 4.13.3, 4.13.2, 4.13.1, 4.13.0, 4.12.6, 4.12.5, 4.12.4, 4.12.3, 4.12.2, 4.12.1, 4.12.0, 4.11.14, 4.11.13, 4.11.12, 4.11.11, 4.11.10, 4.11.9, 4.11.8, 4.11.7, 4.11.6, 4.11.5, 4.11.4, 4.11.3, 4.11.2, 4.11.1, 4.11.0, 4.10.8, 4.10.7, 4.10.6, 4.10.5, 4.10.4, 4.10.3, 4.10.2, 4.10.1, 4.10.0, 4.9.10, 4.9.9, 4.9.8, 4.9.7, 4.9.6, 4.9.5, 4.9.4, 4.9.3, 4.9.2, 4.9.1, 4.9.0, 4.8.7, 4.8.6, 4.8.5, 4.8.4, 4.8.3, 4.8.2, 4.8.1, 4.8.0, 4.7.9, 4.7.8, 4.7.7, 4.7.6, 4.7.5, 4.7.5-pre, 4.7.4, 4.7.3, 4.7.2, 4.7.1, 4.7.0, 4.6.8, 4.6.7, 4.6.6, 4.6.5, 4.6.4, 4.6.3, 4.6.2, 4.6.1, 4.6.0, 4.5.10, 4.5.9, 4.5.8, 4.5.7, 4.5.6, 4.5.5, 4.5.4, 4.5.3, 4.5.2, 4.5.1, 4.5.0, 4.4.20, 4.4.19, 4.4.18, 4.4.17, 4.4.16, 4.4.15, 4.4.14, 4.4.13, 4.4.12, 4.4.11, 4.4.10, 4.4.9, 4.4.8, 4.4.7, 4.4.6, 4.4.5, 4.4.4, 4.4.3, 4.4.2, 4.4.1, 4.4.0, 4.3.7, 4.3.6, 4.3.5, 4.3.4, 4.3.3, 4.3.2, 4.3.1, 4.3.0, 4.2.10, 4.2.9, 4.2.8, 4.2.7, 4.2.6, 4.2.5, 4.2.4, 4.2.3, 4.2.2, 4.2.1, 4.2.0, 4.1.12, 4.1.11, 4.1.10, 4.1.9, 4.1.8, 4.1.7, 4.1.6, 4.1.5, 4.1.3, 4.1.2, 4.1.1, 4.1.0, 4.0.8, 4.0.7, 4.0.6, 4.0.5, 4.0.4, 4.0.3, 4.0.2, 4.0.1, 4.0.0, 4.0.0-rc4, 4.0.0-rc3, 4.0.0-rc2, 4.0.0-rc1, 4.0.0-rc0, 3.9.7, 3.9.6, 3.9.5, 3.9.4, 3.9.3, 3.9.2, 3.9.1, 3.9.0, 3.8.40, 3.8.39, 3.8.38, 3.8.37, 3.8.36, 3.8.35, 3.8.34, 3.8.33, 3.8.31, 3.8.30, 3.8.29, 3.8.28, 3.8.27, 3.8.26, 3.8.25, 3.8.24, 3.8.23, 3.8.22, 3.8.21, 3.8.20, 3.8.19, 3.8.18, 3.8.17, 3.8.16, 3.8.15, 3.8.14, 3.8.13, 3.8.12, 3.8.11, 3.8.10, 3.8.9, 3.8.8, 3.8.7, 3.8.6, 3.8.5, 3.8.4, 3.8.3, 3.8.2, 3.8.1, 3.8.0, 3.7.4, 3.7.3, 3.7.2, 3.7.0, 3.6.20, 3.6.19, 3.6.18, 3.6.17, 3.6.16, 3.6.15, 3.6.14, 3.6.13, 3.6.12, 3.6.11, 3.6.10, 3.6.9, 3.6.8, 3.6.7, 3.6.6, 3.6.5, 3.6.4, 3.6.3, 3.6.2, 3.6.0-rc1, 3.6.0-rc0, 3.5.16, 3.5.15, 3.5.14, 3.5.13, 3.5.12, 3.5.11, 3.5.10, 3.5.9, 3.5.8, 3.5.7, 3.5.6, 3.5.5, 3.5.4, 3.5.3, 3.5.2, 3.5.1, 3.5.0, 3.4.0, 3.3.1, 3.3.0, 3.2.2, 3.2.1, 3.2.0, 3.1.1, 3.1.0, 3.0.3, 3.0.2, 3.0.1, 3.0.0, 3.0.0-rc0, 3.0.0-alpha2, 3.0.0-alpha1, 2.9.10, 2.9.9, 2.9.8, 2.9.7, 2.9.6, 2.9.5, 2.9.4, 2.9.3, 2.9.2, 2.9.1, 2.9.0, 2.8.3, 2.8.2, 2.8.1, 2.8.0, 2.7.4, 2.7.3, 2.7.2, 2.7.1, 2.7.0, 2.6.8, 2.6.7, 2.6.6, 2.6.5, 2.6.4, 2.6.3, 2.6.2, 2.6.1, 2.6.0, 2.5.14, 2.5.13, 2.5.12, 2.5.11, 2.5.10, 2.5.9, 2.5.8, 2.5.7, 2.5.6, 2.5.5, 2.5.4, 2.5.3, 2.5.2, 2.5.1, 2.5.0, 2.4.10, 2.4.9, 2.4.8, 2.4.7, 2.4.6, 2.4.5, 2.4.4, 2.4.3, 2.4.2, 2.4.1, 2.4.0, 2.3.13, 2.3.12, 2.3.11, 2.3.10, 2.3.9, 2.3.8, 2.3.7, 2.3.6, 2.3.5, 2.3.4, 2.3.3, 2.3.2, 2.3.1, 2.3.0, 2.2.4, 2.2.3, 2.2.2, 2.2.1, 2.2.0, 2.1.4, 2.1.3, 2.1.2, 2.1.1, 2.1.0, 2.0.4, 2.0.3, 2.0.2, 2.0.1, 2.0.0, 1.8.4, 1.8.3, 1.8.2, 1.8.1, 1.8.0, 1.7.4, 1.7.3, 1.7.2, 1.6.0, 1.5.0, 1.4.0, 1.3.7, 1.3.6, 1.3.5, 1.3.4, 1.3.3, 1.3.2, 1.3.1, 1.3.0, 1.2.0, 1.1.25, 1.1.24, 1.1.23, 1.1.22, 1.1.21, 1.1.20, 1.1.19, 1.1.18, 1.1.17, 1.1.16, 1.1.15, 1.1.14, 1.1.13, 1.1.12, 1.1.11, 1.1.10, 1.1.9, 1.1.8, 1.1.7, 1.1.6, 1.1.5, 1.1.4, 1.1.3, 1.1.2, 1.1.1, 1.1.0, 1.0.16, 1.0.15, 1.0.14, 1.0.13, 1.0.12, 1.0.11, 1.0.10, 1.0.8, 1.0.7, 1.0.6, 1.0.5, 1.0.4, 1.0.3, 1.0.2, 1.0.1, 1.0.0, 0.0.6, 0.0.5, 0.0.4, 0.0.3, 0.0.2, 0.0.1
96 silly fetchPackageMetaData
96 silly fetchPackageMetaData     at pickVersionFromRegistryDocument (/home/ubuntu/.nvm/versions/node/v6.11.2/lib/node_modules/npm/lib/fetch-package-metadata.js:178:16)
96 silly fetchPackageMetaData     at /home/ubuntu/.nvm/versions/node/v6.11.2/lib/node_modules/npm/node_modules/iferr/index.js:13:50
96 silly fetchPackageMetaData     at /home/ubuntu/.nvm/versions/node/v6.11.2/lib/node_modules/npm/lib/utils/pulse-till-done.js:20:8
96 silly fetchPackageMetaData     at saved (/home/ubuntu/.nvm/versions/node/v6.11.2/lib/node_modules/npm/lib/cache/caching-client.js:174:7)
96 silly fetchPackageMetaData     at /home/ubuntu/.nvm/versions/node/v6.11.2/lib/node_modules/npm/node_modules/graceful-fs/polyfills.js:241:18
96 silly fetchPackageMetaData     at FSReqWrap.oncomplete (fs.js:123:15) code: 'ETARGET' }
97 silly fetchPackageMetaData Error: No compatible version found: express@'
97 silly fetchPackageMetaData Valid install targets:
97 silly fetchPackageMetaData 5.0.0-alpha.7, 5.0.0-alpha.6, 5.0.0-alpha.5, 5.0.0-alpha.4, 5.0.0-alpha.3, 5.0.0-alpha.2, 5.0.0-alpha.1, 4.16.4, 4.16.3, 4.16.2, 4.16.1, 4.16.0, 4.15.5, 4.15.4, 4.15.3, 4.15.2, 4.15.1, 4.15.0, 4.14.1, 4.14.0, 4.13.4, 4.13.3, 4.13.2, 4.13.1, 4.13.0, 4.12.4, 4.12.3, 4.12.2, 4.12.1, 4.12.0, 4.11.2, 4.11.1, 4.11.0, 4.10.8, 4.10.7, 4.10.6, 4.10.5, 4.10.4, 4.10.3, 4.10.2, 4.10.1, 4.10.0, 4.9.8, 4.9.7, 4.9.6, 4.9.5, 4.9.4, 4.9.3, 4.9.2, 4.9.1, 4.9.0, 4.8.8, 4.8.7, 4.8.6, 4.8.5, 4.8.4, 4.8.3, 4.8.2, 4.8.1, 4.8.0, 4.7.4, 4.7.3, 4.7.2, 4.7.1, 4.7.0, 4.6.1, 4.6.0, 4.5.1, 4.5.0, 4.4.5, 4.4.4, 4.4.3, 4.4.2, 4.4.1, 4.4.0, 4.3.2, 4.3.1, 4.3.0, 4.2.0, 4.1.2, 4.1.1, 4.1.0, 4.0.0, 4.0.0-rc4, 4.0.0-rc3, 4.0.0-rc2, 4.0.0-rc1, 3.21.2, 3.21.1, 3.21.0, 3.20.3, 3.20.2, 3.20.1, 3.20.0, 3.19.2, 3.19.1, 3.19.0, 3.18.6, 3.18.5, 3.18.4, 3.18.3, 3.18.2, 3.18.1, 3.18.0, 3.17.8, 3.17.7, 3.17.6, 3.17.5, 3.17.4, 3.17.3, 3.17.2, 3.17.1, 3.17.0, 3.16.10, 3.16.9, 3.16.8, 3.16.7, 3.16.6, 3.16.5, 3.16.4, 3.16.3, 3.16.2, 3.16.1, 3.16.0, 3.15.3, 3.15.2, 3.15.1, 3.15.0, 3.14.0, 3.13.0, 3.12.1, 3.12.0, 3.11.0, 3.10.5, 3.10.4, 3.10.3, 3.10.2, 3.10.1, 3.10.0, 3.9.0, 3.8.1, 3.8.0, 3.7.0, 3.6.0, 3.5.3, 3.5.2, 3.5.1, 3.5.0, 3.4.8, 3.4.7, 3.4.6, 3.4.5, 3.4.4, 3.4.3, 3.4.2, 3.4.1, 3.4.0, 3.3.8, 3.3.7, 3.3.6, 3.3.5, 3.3.4, 3.3.3, 3.3.2, 3.3.1, 3.3.0, 3.2.6, 3.2.5, 3.2.4, 3.2.3, 3.2.2, 3.2.1, 3.2.0, 3.1.2, 3.1.1, 3.1.0, 3.0.6, 3.0.5, 3.0.4, 3.0.3, 3.0.2, 3.0.1, 3.0.0, 3.0.0-rc5, 3.0.0-rc4, 3.0.0-rc3, 3.0.0-rc2, 3.0.0-rc1, 3.0.0-beta7, 3.0.0-beta6, 3.0.0-beta4, 3.0.0-beta3, 3.0.0-beta2, 3.0.0-beta1, 3.0.0-alpha5, 3.0.0-alpha4, 3.0.0-alpha3, 3.0.0-alpha2, 3.0.0-alpha1, 2.5.11, 2.5.10, 2.5.9, 2.5.8, 2.5.7, 2.5.6, 2.5.5, 2.5.4, 2.5.3, 2.5.2, 2.5.1, 2.5.0, 2.4.7, 2.4.6, 2.4.5, 2.4.4, 2.4.3, 2.4.2, 2.4.1, 2.4.0, 2.3.12, 2.3.11, 2.3.10, 2.3.9, 2.3.8, 2.3.7, 2.3.6, 2.3.5, 2.3.4, 2.3.3, 2.3.2, 2.3.1, 2.3.0, 2.2.2, 2.2.1, 2.2.0, 2.1.1, 2.1.0, 2.0.0, 2.0.0-rc3, 2.0.0-rc2, 2.0.0-rc, 2.0.0-beta3, 2.0.0-beta2, 2.0.0-beta, 1.0.8, 1.0.7, 1.0.6, 1.0.5, 1.0.4, 1.0.3, 1.0.2, 1.0.1, 1.0.0, 1.0.0-rc4, 1.0.0-rc3, 1.0.0-rc2, 1.0.0-rc, 1.0.0-beta2, 1.0.0-beta, 0.14.1, 0.14.0
97 silly fetchPackageMetaData
97 silly fetchPackageMetaData     at pickVersionFromRegistryDocument (/home/ubuntu/.nvm/versions/node/v6.11.2/lib/node_modules/npm/lib/fetch-package-metadata.js:178:16)
97 silly fetchPackageMetaData     at /home/ubuntu/.nvm/versions/node/v6.11.2/lib/node_modules/npm/node_modules/iferr/index.js:13:50
97 silly fetchPackageMetaData     at /home/ubuntu/.nvm/versions/node/v6.11.2/lib/node_modules/npm/lib/utils/pulse-till-done.js:20:8
97 silly fetchPackageMetaData     at saved (/home/ubuntu/.nvm/versions/node/v6.11.2/lib/node_modules/npm/lib/cache/caching-client.js:174:7)
97 silly fetchPackageMetaData     at /home/ubuntu/.nvm/versions/node/v6.11.2/lib/node_modules/npm/node_modules/graceful-fs/polyfills.js:241:18
97 silly fetchPackageMetaData     at FSReqWrap.oncomplete (fs.js:123:15)
97 silly fetchPackageMetaData  error for express@' { Error: No compatible version found: express@'
97 silly fetchPackageMetaData Valid install targets:
97 silly fetchPackageMetaData 5.0.0-alpha.7, 5.0.0-alpha.6, 5.0.0-alpha.5, 5.0.0-alpha.4, 5.0.0-alpha.3, 5.0.0-alpha.2, 5.0.0-alpha.1, 4.16.4, 4.16.3, 4.16.2, 4.16.1, 4.16.0, 4.15.5, 4.15.4, 4.15.3, 4.15.2, 4.15.1, 4.15.0, 4.14.1, 4.14.0, 4.13.4, 4.13.3, 4.13.2, 4.13.1, 4.13.0, 4.12.4, 4.12.3, 4.12.2, 4.12.1, 4.12.0, 4.11.2, 4.11.1, 4.11.0, 4.10.8, 4.10.7, 4.10.6, 4.10.5, 4.10.4, 4.10.3, 4.10.2, 4.10.1, 4.10.0, 4.9.8, 4.9.7, 4.9.6, 4.9.5, 4.9.4, 4.9.3, 4.9.2, 4.9.1, 4.9.0, 4.8.8, 4.8.7, 4.8.6, 4.8.5, 4.8.4, 4.8.3, 4.8.2, 4.8.1, 4.8.0, 4.7.4, 4.7.3, 4.7.2, 4.7.1, 4.7.0, 4.6.1, 4.6.0, 4.5.1, 4.5.0, 4.4.5, 4.4.4, 4.4.3, 4.4.2, 4.4.1, 4.4.0, 4.3.2, 4.3.1, 4.3.0, 4.2.0, 4.1.2, 4.1.1, 4.1.0, 4.0.0, 4.0.0-rc4, 4.0.0-rc3, 4.0.0-rc2, 4.0.0-rc1, 3.21.2, 3.21.1, 3.21.0, 3.20.3, 3.20.2, 3.20.1, 3.20.0, 3.19.2, 3.19.1, 3.19.0, 3.18.6, 3.18.5, 3.18.4, 3.18.3, 3.18.2, 3.18.1, 3.18.0, 3.17.8, 3.17.7, 3.17.6, 3.17.5, 3.17.4, 3.17.3, 3.17.2, 3.17.1, 3.17.0, 3.16.10, 3.16.9, 3.16.8, 3.16.7, 3.16.6, 3.16.5, 3.16.4, 3.16.3, 3.16.2, 3.16.1, 3.16.0, 3.15.3, 3.15.2, 3.15.1, 3.15.0, 3.14.0, 3.13.0, 3.12.1, 3.12.0, 3.11.0, 3.10.5, 3.10.4, 3.10.3, 3.10.2, 3.10.1, 3.10.0, 3.9.0, 3.8.1, 3.8.0, 3.7.0, 3.6.0, 3.5.3, 3.5.2, 3.5.1, 3.5.0, 3.4.8, 3.4.7, 3.4.6, 3.4.5, 3.4.4, 3.4.3, 3.4.2, 3.4.1, 3.4.0, 3.3.8, 3.3.7, 3.3.6, 3.3.5, 3.3.4, 3.3.3, 3.3.2, 3.3.1, 3.3.0, 3.2.6, 3.2.5, 3.2.4, 3.2.3, 3.2.2, 3.2.1, 3.2.0, 3.1.2, 3.1.1, 3.1.0, 3.0.6, 3.0.5, 3.0.4, 3.0.3, 3.0.2, 3.0.1, 3.0.0, 3.0.0-rc5, 3.0.0-rc4, 3.0.0-rc3, 3.0.0-rc2, 3.0.0-rc1, 3.0.0-beta7, 3.0.0-beta6, 3.0.0-beta4, 3.0.0-beta3, 3.0.0-beta2, 3.0.0-beta1, 3.0.0-alpha5, 3.0.0-alpha4, 3.0.0-alpha3, 3.0.0-alpha2, 3.0.0-alpha1, 2.5.11, 2.5.10, 2.5.9, 2.5.8, 2.5.7, 2.5.6, 2.5.5, 2.5.4, 2.5.3, 2.5.2, 2.5.1, 2.5.0, 2.4.7, 2.4.6, 2.4.5, 2.4.4, 2.4.3, 2.4.2, 2.4.1, 2.4.0, 2.3.12, 2.3.11, 2.3.10, 2.3.9, 2.3.8, 2.3.7, 2.3.6, 2.3.5, 2.3.4, 2.3.3, 2.3.2, 2.3.1, 2.3.0, 2.2.2, 2.2.1, 2.2.0, 2.1.1, 2.1.0, 2.0.0, 2.0.0-rc3, 2.0.0-rc2, 2.0.0-rc, 2.0.0-beta3, 2.0.0-beta2, 2.0.0-beta, 1.0.8, 1.0.7, 1.0.6, 1.0.5, 1.0.4, 1.0.3, 1.0.2, 1.0.1, 1.0.0, 1.0.0-rc4, 1.0.0-rc3, 1.0.0-rc2, 1.0.0-rc, 1.0.0-beta2, 1.0.0-beta, 0.14.1, 0.14.0
97 silly fetchPackageMetaData
97 silly fetchPackageMetaData     at pickVersionFromRegistryDocument (/home/ubuntu/.nvm/versions/node/v6.11.2/lib/node_modules/npm/lib/fetch-package-metadata.js:178:16)
97 silly fetchPackageMetaData     at /home/ubuntu/.nvm/versions/node/v6.11.2/lib/node_modules/npm/node_modules/iferr/index.js:13:50
97 silly fetchPackageMetaData     at /home/ubuntu/.nvm/versions/node/v6.11.2/lib/node_modules/npm/lib/utils/pulse-till-done.js:20:8
97 silly fetchPackageMetaData     at saved (/home/ubuntu/.nvm/versions/node/v6.11.2/lib/node_modules/npm/lib/cache/caching-client.js:174:7)
97 silly fetchPackageMetaData     at /home/ubuntu/.nvm/versions/node/v6.11.2/lib/node_modules/npm/node_modules/graceful-fs/polyfills.js:241:18
97 silly fetchPackageMetaData     at FSReqWrap.oncomplete (fs.js:123:15) code: 'ETARGET' }
98 silly rollbackFailedOptional Starting
99 silly rollbackFailedOptional Finishing
100 silly runTopLevelLifecycles Finishing
101 silly install printInstalled
102 verbose stack Error: No compatible version found: body-parser@'
102 verbose stack Valid install targets:
102 verbose stack 1.18.3, 1.18.2, 1.18.1, 1.18.0, 1.17.2, 1.17.1, 1.17.0, 1.16.1, 1.16.0, 1.15.2, 1.15.1, 1.15.0, 1.14.2, 1.14.1, 1.14.0, 1.13.3, 1.13.2, 1.13.1, 1.13.0, 1.12.4, 1.12.3, 1.12.2, 1.12.1, 1.12.0, 1.11.0, 1.10.2, 1.10.1, 1.10.0, 1.9.3, 1.9.2, 1.9.1, 1.9.0, 1.8.4, 1.8.3, 1.8.2, 1.8.1, 1.8.0, 1.7.0, 1.6.7, 1.6.6, 1.6.5, 1.6.4, 1.6.3, 1.6.2, 1.6.1, 1.6.0, 1.5.2, 1.5.1, 1.5.0, 1.4.3, 1.4.2, 1.4.1, 1.4.0, 1.3.1, 1.3.0, 1.2.2, 1.2.1, 1.2.0, 1.1.2, 1.1.1, 1.1.0, 1.0.2, 1.0.1, 1.0.0
102 verbose stack
102 verbose stack     at pickVersionFromRegistryDocument (/home/ubuntu/.nvm/versions/node/v6.11.2/lib/node_modules/npm/lib/fetch-package-metadata.js:178:16)
102 verbose stack     at /home/ubuntu/.nvm/versions/node/v6.11.2/lib/node_modules/npm/node_modules/iferr/index.js:13:50
102 verbose stack     at /home/ubuntu/.nvm/versions/node/v6.11.2/lib/node_modules/npm/lib/utils/pulse-till-done.js:20:8
102 verbose stack     at saved (/home/ubuntu/.nvm/versions/node/v6.11.2/lib/node_modules/npm/lib/cache/caching-client.js:174:7)
102 verbose stack     at /home/ubuntu/.nvm/versions/node/v6.11.2/lib/node_modules/npm/node_modules/graceful-fs/polyfills.js:241:18
102 verbose stack     at FSReqWrap.oncomplete (fs.js:123:15)
103 verbose cwd /home/ubuntu/workspace/rest-api
104 error Linux 4.9.120-c9
105 error argv "/home/ubuntu/.nvm/versions/node/v6.11.2/bin/node" "/home/ubuntu/.nvm/versions/node/v6.11.2/bin/npm" "install" "express" "body-parser" "mongoose" "--save"
106 error node v6.11.2
107 error npm  v3.10.10
108 error code ETARGET
109 error notarget No compatible version found: body-parser@'
109 error notarget Valid install targets:
109 error notarget 1.18.3, 1.18.2, 1.18.1, 1.18.0, 1.17.2, 1.17.1, 1.17.0, 1.16.1, 1.16.0, 1.15.2, 1.15.1, 1.15.0, 1.14.2, 1.14.1, 1.14.0, 1.13.3, 1.13.2, 1.13.1, 1.13.0, 1.12.4, 1.12.3, 1.12.2, 1.12.1, 1.12.0, 1.11.0, 1.10.2, 1.10.1, 1.10.0, 1.9.3, 1.9.2, 1.9.1, 1.9.0, 1.8.4, 1.8.3, 1.8.2, 1.8.1, 1.8.0, 1.7.0, 1.6.7, 1.6.6, 1.6.5, 1.6.4, 1.6.3, 1.6.2, 1.6.1, 1.6.0, 1.5.2, 1.5.1, 1.5.0, 1.4.3, 1.4.2, 1.4.1, 1.4.0, 1.3.1, 1.3.0, 1.2.2, 1.2.1, 1.2.0, 1.1.2, 1.1.1, 1.1.0, 1.0.2, 1.0.1, 1.0.0
110 error notarget This is most likely not a problem with npm itself.
110 error notarget In most cases you or one of your dependencies are requesting
110 error notarget a package version that doesn't exist.
111 verbose exit [ 1, true ]
